Started GET "/" for 127.0.0.1 at 2021-08-03 03:02:05 +0200
Processing by Rails::WelcomeController#index as HTML
  Rendering /home/hd/.rvm/gems/ruby-2.7.4/gems/railties-5.2.6/lib/rails/templates/rails/welcome/index.html.erb
  Rendered /home/hd/.rvm/gems/ruby-2.7.4/gems/railties-5.2.6/lib/rails/templates/rails/welcome/index.html.erb (6.0ms)
Completed 200 OK in 40ms (Views: 22.0ms | ActiveRecord: 0.0ms)


Started GET "/pages/welcome" for 127.0.0.1 at 2021-08-03 03:03:06 +0200
Processing by PagesController#welcome as HTML
  Rendering pages/welcome.html.erb within layouts/application
  Rendered pages/welcome.html.erb within layouts/application (0.3ms)
Completed 200 OK in 839ms (Views: 838.0ms | ActiveRecord: 0.0ms)


Started GET "/pages/team" for 127.0.0.1 at 2021-08-03 03:04:05 +0200
Processing by PagesController#team as HTML
  Rendering pages/team.html.erb within layouts/application
  Rendered pages/team.html.erb within layouts/application (0.4ms)
Completed 200 OK in 46ms (Views: 45.2ms | ActiveRecord: 0.0ms)


Started GET "/pages/contact" for 127.0.0.1 at 2021-08-03 03:04:13 +0200
Processing by PagesController#contact as HTML
  Rendering pages/contact.html.erb within layouts/application
  Rendered pages/contact.html.erb within layouts/application (0.2ms)
Completed 200 OK in 31ms (Views: 30.4ms | ActiveRecord: 0.0ms)


Started GET "/pages/welcome" for 127.0.0.1 at 2021-08-03 03:33:45 +0200
Processing by PagesController#welcome as HTML
  Rendering pages/welcome.html.erb within layouts/application
  Rendered pages/welcome.html.erb within layouts/application (0.6ms)
Completed 200 OK in 427ms (Views: 419.0ms | ActiveRecord: 0.0ms)


  
ActionController::RoutingError (No route matches [GET] "/assets/bootstrap"):
  
actionpack (5.2.6) lib/action_dispatch/middleware/debug_exceptions.rb:65:in `call'
web-console (3.7.0) lib/web_console/middleware.rb:135:in `call_app'
web-console (3.7.0) lib/web_console/middleware.rb:30:in `block in call'
web-console (3.7.0) lib/web_console/middleware.rb:20:in `catch'
web-console (3.7.0) lib/web_console/middleware.rb:20:in `call'
actionpack (5.2.6) lib/action_dispatch/middleware/show_exceptions.rb:33:in `call'
railties (5.2.6) lib/rails/rack/logger.rb:38:in `call_app'
railties (5.2.6) lib/rails/rack/logger.rb:26:in `block in call'
activesupport (5.2.6) lib/active_support/tagged_logging.rb:71:in `block in tagged'
activesupport (5.2.6) lib/active_support/tagged_logging.rb:28:in `tagged'
activesupport (5.2.6) lib/active_support/tagged_logging.rb:71:in `tagged'
railties (5.2.6) lib/rails/rack/logger.rb:26:in `call'
sprockets-rails (3.2.2) lib/sprockets/rails/quiet_assets.rb:11:in `block in call'
activesupport (5.2.6) lib/active_support/logger_silence.rb:21:in `silence'
activesupport (5.2.6) lib/active_support/logger.rb:65:in `block (3 levels) in broadcast'
activesupport (5.2.6) lib/active_support/logger_silence.rb:21:in `silence'
activesupport (5.2.6) lib/active_support/logger.rb:63:in `block (2 levels) in broadcast'
sprockets-rails (3.2.2) lib/sprockets/rails/quiet_assets.rb:11:in `call'
actionpack (5.2.6) lib/action_dispatch/middleware/remote_ip.rb:81:in `call'
actionpack (5.2.6) lib/action_dispatch/middleware/request_id.rb:27:in `call'
rack (2.2.3) lib/rack/method_override.rb:24:in `call'
rack (2.2.3) lib/rack/runtime.rb:22:in `call'
activesupport (5.2.6) lib/active_support/cache/strategy/local_cache_middleware.rb:29:in `call'
actionpack (5.2.6) lib/action_dispatch/middleware/executor.rb:14:in `call'
actionpack (5.2.6) lib/action_dispatch/middleware/static.rb:127:in `call'
rack (2.2.3) lib/rack/sendfile.rb:110:in `call'
railties (5.2.6) lib/rails/engine.rb:524:in `call'
puma (3.12.6) lib/puma/configuration.rb:227:in `call'
puma (3.12.6) lib/puma/server.rb:706:in `handle_request'
puma (3.12.6) lib/puma/server.rb:476:in `process_client'
puma (3.12.6) lib/puma/server.rb:334:in `block in run'
puma (3.12.6) lib/puma/thread_pool.rb:135:in `block in spawn_thread'
Started GET "/pages/welcome" for 127.0.0.1 at 2021-08-03 03:36:05 +0200
Processing by PagesController#welcome as HTML
  Rendering pages/welcome.html.erb within layouts/application
  Rendered pages/welcome.html.erb within layouts/application (0.8ms)
Completed 200 OK in 334ms (Views: 329.7ms | ActiveRecord: 0.0ms)


  
ActionController::RoutingError (No route matches [GET] "/assets/bootstrap"):
  
actionpack (5.2.6) lib/action_dispatch/middleware/debug_exceptions.rb:65:in `call'
web-console (3.7.0) lib/web_console/middleware.rb:135:in `call_app'
web-console (3.7.0) lib/web_console/middleware.rb:30:in `block in call'
web-console (3.7.0) lib/web_console/middleware.rb:20:in `catch'
web-console (3.7.0) lib/web_console/middleware.rb:20:in `call'
actionpack (5.2.6) lib/action_dispatch/middleware/show_exceptions.rb:33:in `call'
railties (5.2.6) lib/rails/rack/logger.rb:38:in `call_app'
railties (5.2.6) lib/rails/rack/logger.rb:26:in `block in call'
activesupport (5.2.6) lib/active_support/tagged_logging.rb:71:in `block in tagged'
activesupport (5.2.6) lib/active_support/tagged_logging.rb:28:in `tagged'
activesupport (5.2.6) lib/active_support/tagged_logging.rb:71:in `tagged'
railties (5.2.6) lib/rails/rack/logger.rb:26:in `call'
sprockets-rails (3.2.2) lib/sprockets/rails/quiet_assets.rb:11:in `block in call'
activesupport (5.2.6) lib/active_support/logger_silence.rb:21:in `silence'
activesupport (5.2.6) lib/active_support/logger.rb:65:in `block (3 levels) in broadcast'
activesupport (5.2.6) lib/active_support/logger_silence.rb:21:in `silence'
activesupport (5.2.6) lib/active_support/logger.rb:63:in `block (2 levels) in broadcast'
sprockets-rails (3.2.2) lib/sprockets/rails/quiet_assets.rb:11:in `call'
actionpack (5.2.6) lib/action_dispatch/middleware/remote_ip.rb:81:in `call'
actionpack (5.2.6) lib/action_dispatch/middleware/request_id.rb:27:in `call'
rack (2.2.3) lib/rack/method_override.rb:24:in `call'
rack (2.2.3) lib/rack/runtime.rb:22:in `call'
activesupport (5.2.6) lib/active_support/cache/strategy/local_cache_middleware.rb:29:in `call'
actionpack (5.2.6) lib/action_dispatch/middleware/executor.rb:14:in `call'
actionpack (5.2.6) lib/action_dispatch/middleware/static.rb:127:in `call'
rack (2.2.3) lib/rack/sendfile.rb:110:in `call'
railties (5.2.6) lib/rails/engine.rb:524:in `call'
puma (3.12.6) lib/puma/configuration.rb:227:in `call'
puma (3.12.6) lib/puma/server.rb:706:in `handle_request'
puma (3.12.6) lib/puma/server.rb:476:in `process_client'
puma (3.12.6) lib/puma/server.rb:334:in `block in run'
puma (3.12.6) lib/puma/thread_pool.rb:135:in `block in spawn_thread'
Started GET "/pages/welcome" for 127.0.0.1 at 2021-08-03 03:38:06 +0200
Processing by PagesController#welcome as HTML
  Rendering pages/welcome.html.erb within layouts/application
  Rendered pages/welcome.html.erb within layouts/application (0.3ms)
Completed 200 OK in 50ms (Views: 49.3ms | ActiveRecord: 0.0ms)


  
ActionController::RoutingError (No route matches [GET] "/assets/bootstrap"):
  
actionpack (5.2.6) lib/action_dispatch/middleware/debug_exceptions.rb:65:in `call'
web-console (3.7.0) lib/web_console/middleware.rb:135:in `call_app'
web-console (3.7.0) lib/web_console/middleware.rb:30:in `block in call'
web-console (3.7.0) lib/web_console/middleware.rb:20:in `catch'
web-console (3.7.0) lib/web_console/middleware.rb:20:in `call'
actionpack (5.2.6) lib/action_dispatch/middleware/show_exceptions.rb:33:in `call'
railties (5.2.6) lib/rails/rack/logger.rb:38:in `call_app'
railties (5.2.6) lib/rails/rack/logger.rb:26:in `block in call'
activesupport (5.2.6) lib/active_support/tagged_logging.rb:71:in `block in tagged'
activesupport (5.2.6) lib/active_support/tagged_logging.rb:28:in `tagged'
activesupport (5.2.6) lib/active_support/tagged_logging.rb:71:in `tagged'
railties (5.2.6) lib/rails/rack/logger.rb:26:in `call'
sprockets-rails (3.2.2) lib/sprockets/rails/quiet_assets.rb:11:in `block in call'
activesupport (5.2.6) lib/active_support/logger_silence.rb:21:in `silence'
activesupport (5.2.6) lib/active_support/logger.rb:65:in `block (3 levels) in broadcast'
activesupport (5.2.6) lib/active_support/logger_silence.rb:21:in `silence'
activesupport (5.2.6) lib/active_support/logger.rb:63:in `block (2 levels) in broadcast'
sprockets-rails (3.2.2) lib/sprockets/rails/quiet_assets.rb:11:in `call'
actionpack (5.2.6) lib/action_dispatch/middleware/remote_ip.rb:81:in `call'
actionpack (5.2.6) lib/action_dispatch/middleware/request_id.rb:27:in `call'
rack (2.2.3) lib/rack/method_override.rb:24:in `call'
rack (2.2.3) lib/rack/runtime.rb:22:in `call'
activesupport (5.2.6) lib/active_support/cache/strategy/local_cache_middleware.rb:29:in `call'
actionpack (5.2.6) lib/action_dispatch/middleware/executor.rb:14:in `call'
actionpack (5.2.6) lib/action_dispatch/middleware/static.rb:127:in `call'
rack (2.2.3) lib/rack/sendfile.rb:110:in `call'
railties (5.2.6) lib/rails/engine.rb:524:in `call'
puma (3.12.6) lib/puma/configuration.rb:227:in `call'
puma (3.12.6) lib/puma/server.rb:706:in `handle_request'
puma (3.12.6) lib/puma/server.rb:476:in `process_client'
puma (3.12.6) lib/puma/server.rb:334:in `block in run'
puma (3.12.6) lib/puma/thread_pool.rb:135:in `block in spawn_thread'
Started GET "/pages/welcome" for 127.0.0.1 at 2021-08-03 03:41:54 +0200
Processing by PagesController#welcome as HTML
  Rendering pages/welcome.html.erb within layouts/application
  Rendered pages/welcome.html.erb within layouts/application (0.4ms)
Completed 200 OK in 67ms (Views: 66.4ms | ActiveRecord: 0.0ms)


  
ActionController::RoutingError (No route matches [GET] "/assets/bootstrap"):
  
actionpack (5.2.6) lib/action_dispatch/middleware/debug_exceptions.rb:65:in `call'
web-console (3.7.0) lib/web_console/middleware.rb:135:in `call_app'
web-console (3.7.0) lib/web_console/middleware.rb:30:in `block in call'
web-console (3.7.0) lib/web_console/middleware.rb:20:in `catch'
web-console (3.7.0) lib/web_console/middleware.rb:20:in `call'
actionpack (5.2.6) lib/action_dispatch/middleware/show_exceptions.rb:33:in `call'
railties (5.2.6) lib/rails/rack/logger.rb:38:in `call_app'
railties (5.2.6) lib/rails/rack/logger.rb:26:in `block in call'
activesupport (5.2.6) lib/active_support/tagged_logging.rb:71:in `block in tagged'
activesupport (5.2.6) lib/active_support/tagged_logging.rb:28:in `tagged'
activesupport (5.2.6) lib/active_support/tagged_logging.rb:71:in `tagged'
railties (5.2.6) lib/rails/rack/logger.rb:26:in `call'
sprockets-rails (3.2.2) lib/sprockets/rails/quiet_assets.rb:11:in `block in call'
activesupport (5.2.6) lib/active_support/logger_silence.rb:21:in `silence'
activesupport (5.2.6) lib/active_support/logger.rb:65:in `block (3 levels) in broadcast'
activesupport (5.2.6) lib/active_support/logger_silence.rb:21:in `silence'
activesupport (5.2.6) lib/active_support/logger.rb:63:in `block (2 levels) in broadcast'
sprockets-rails (3.2.2) lib/sprockets/rails/quiet_assets.rb:11:in `call'
actionpack (5.2.6) lib/action_dispatch/middleware/remote_ip.rb:81:in `call'
actionpack (5.2.6) lib/action_dispatch/middleware/request_id.rb:27:in `call'
rack (2.2.3) lib/rack/method_override.rb:24:in `call'
rack (2.2.3) lib/rack/runtime.rb:22:in `call'
activesupport (5.2.6) lib/active_support/cache/strategy/local_cache_middleware.rb:29:in `call'
actionpack (5.2.6) lib/action_dispatch/middleware/executor.rb:14:in `call'
actionpack (5.2.6) lib/action_dispatch/middleware/static.rb:127:in `call'
rack (2.2.3) lib/rack/sendfile.rb:110:in `call'
railties (5.2.6) lib/rails/engine.rb:524:in `call'
puma (3.12.6) lib/puma/configuration.rb:227:in `call'
puma (3.12.6) lib/puma/server.rb:706:in `handle_request'
puma (3.12.6) lib/puma/server.rb:476:in `process_client'
puma (3.12.6) lib/puma/server.rb:334:in `block in run'
puma (3.12.6) lib/puma/thread_pool.rb:135:in `block in spawn_thread'
Started GET "/pages/welcome" for 127.0.0.1 at 2021-08-03 03:44:13 +0200
Processing by PagesController#welcome as HTML
  Rendering pages/welcome.html.erb within layouts/application
  Rendered pages/welcome.html.erb within layouts/application (0.3ms)
Completed 200 OK in 48ms (Views: 47.4ms | ActiveRecord: 0.0ms)


  
ActionController::RoutingError (No route matches [GET] "/assets/bootstrap"):
  
actionpack (5.2.6) lib/action_dispatch/middleware/debug_exceptions.rb:65:in `call'
web-console (3.7.0) lib/web_console/middleware.rb:135:in `call_app'
web-console (3.7.0) lib/web_console/middleware.rb:30:in `block in call'
web-console (3.7.0) lib/web_console/middleware.rb:20:in `catch'
web-console (3.7.0) lib/web_console/middleware.rb:20:in `call'
actionpack (5.2.6) lib/action_dispatch/middleware/show_exceptions.rb:33:in `call'
railties (5.2.6) lib/rails/rack/logger.rb:38:in `call_app'
railties (5.2.6) lib/rails/rack/logger.rb:26:in `block in call'
activesupport (5.2.6) lib/active_support/tagged_logging.rb:71:in `block in tagged'
activesupport (5.2.6) lib/active_support/tagged_logging.rb:28:in `tagged'
activesupport (5.2.6) lib/active_support/tagged_logging.rb:71:in `tagged'
railties (5.2.6) lib/rails/rack/logger.rb:26:in `call'
sprockets-rails (3.2.2) lib/sprockets/rails/quiet_assets.rb:11:in `block in call'
activesupport (5.2.6) lib/active_support/logger_silence.rb:21:in `silence'
activesupport (5.2.6) lib/active_support/logger.rb:65:in `block (3 levels) in broadcast'
activesupport (5.2.6) lib/active_support/logger_silence.rb:21:in `silence'
activesupport (5.2.6) lib/active_support/logger.rb:63:in `block (2 levels) in broadcast'
sprockets-rails (3.2.2) lib/sprockets/rails/quiet_assets.rb:11:in `call'
actionpack (5.2.6) lib/action_dispatch/middleware/remote_ip.rb:81:in `call'
actionpack (5.2.6) lib/action_dispatch/middleware/request_id.rb:27:in `call'
rack (2.2.3) lib/rack/method_override.rb:24:in `call'
rack (2.2.3) lib/rack/runtime.rb:22:in `call'
activesupport (5.2.6) lib/active_support/cache/strategy/local_cache_middleware.rb:29:in `call'
actionpack (5.2.6) lib/action_dispatch/middleware/executor.rb:14:in `call'
actionpack (5.2.6) lib/action_dispatch/middleware/static.rb:127:in `call'
rack (2.2.3) lib/rack/sendfile.rb:110:in `call'
railties (5.2.6) lib/rails/engine.rb:524:in `call'
puma (3.12.6) lib/puma/configuration.rb:227:in `call'
puma (3.12.6) lib/puma/server.rb:706:in `handle_request'
puma (3.12.6) lib/puma/server.rb:476:in `process_client'
puma (3.12.6) lib/puma/server.rb:334:in `block in run'
puma (3.12.6) lib/puma/thread_pool.rb:135:in `block in spawn_thread'
Started GET "/pages/gossip" for 127.0.0.1 at 2021-08-03 03:44:24 +0200
Processing by PagesController#gossip as HTML
  Rendering pages/gossip.html.erb within layouts/application
  Rendered pages/gossip.html.erb within layouts/application (0.3ms)
Completed 200 OK in 50ms (Views: 45.2ms | ActiveRecord: 0.0ms)


  
ActionController::RoutingError (No route matches [GET] "/assets/bootstrap"):
  
actionpack (5.2.6) lib/action_dispatch/middleware/debug_exceptions.rb:65:in `call'
web-console (3.7.0) lib/web_console/middleware.rb:135:in `call_app'
web-console (3.7.0) lib/web_console/middleware.rb:30:in `block in call'
web-console (3.7.0) lib/web_console/middleware.rb:20:in `catch'
web-console (3.7.0) lib/web_console/middleware.rb:20:in `call'
actionpack (5.2.6) lib/action_dispatch/middleware/show_exceptions.rb:33:in `call'
railties (5.2.6) lib/rails/rack/logger.rb:38:in `call_app'
railties (5.2.6) lib/rails/rack/logger.rb:26:in `block in call'
activesupport (5.2.6) lib/active_support/tagged_logging.rb:71:in `block in tagged'
activesupport (5.2.6) lib/active_support/tagged_logging.rb:28:in `tagged'
activesupport (5.2.6) lib/active_support/tagged_logging.rb:71:in `tagged'
railties (5.2.6) lib/rails/rack/logger.rb:26:in `call'
sprockets-rails (3.2.2) lib/sprockets/rails/quiet_assets.rb:11:in `block in call'
activesupport (5.2.6) lib/active_support/logger_silence.rb:21:in `silence'
activesupport (5.2.6) lib/active_support/logger.rb:65:in `block (3 levels) in broadcast'
activesupport (5.2.6) lib/active_support/logger_silence.rb:21:in `silence'
activesupport (5.2.6) lib/active_support/logger.rb:63:in `block (2 levels) in broadcast'
sprockets-rails (3.2.2) lib/sprockets/rails/quiet_assets.rb:11:in `call'
actionpack (5.2.6) lib/action_dispatch/middleware/remote_ip.rb:81:in `call'
actionpack (5.2.6) lib/action_dispatch/middleware/request_id.rb:27:in `call'
rack (2.2.3) lib/rack/method_override.rb:24:in `call'
rack (2.2.3) lib/rack/runtime.rb:22:in `call'
activesupport (5.2.6) lib/active_support/cache/strategy/local_cache_middleware.rb:29:in `call'
actionpack (5.2.6) lib/action_dispatch/middleware/executor.rb:14:in `call'
actionpack (5.2.6) lib/action_dispatch/middleware/static.rb:127:in `call'
rack (2.2.3) lib/rack/sendfile.rb:110:in `call'
railties (5.2.6) lib/rails/engine.rb:524:in `call'
puma (3.12.6) lib/puma/configuration.rb:227:in `call'
puma (3.12.6) lib/puma/server.rb:706:in `handle_request'
puma (3.12.6) lib/puma/server.rb:476:in `process_client'
puma (3.12.6) lib/puma/server.rb:334:in `block in run'
puma (3.12.6) lib/puma/thread_pool.rb:135:in `block in spawn_thread'
Started GET "/pages/gossip" for 127.0.0.1 at 2021-08-03 03:52:19 +0200
Processing by PagesController#gossip as HTML
Completed 500 Internal Server Error in 1ms (ActiveRecord: 0.0ms)


  
NameError (uninitialized constant PagesController::Gossip):
  
app/controllers/pages_controller.rb:4:in `gossip'
Started GET "/pages/gossip" for 127.0.0.1 at 2021-08-03 03:53:36 +0200
Processing by PagesController#gossip as HTML
  Rendering pages/gossip.html.erb within layouts/application
  Rendered pages/gossip.html.erb within layouts/application (1.9ms)
Completed 500 Internal Server Error in 11ms (ActiveRecord: 0.0ms)


  
ActionView::Template::Error (undefined method `each' for nil:NilClass):
    18:     <div class="d-flex justify-content-center">
    19:       <p class="lead" style="margin-top: 70px">Voici les potins de notre base de données :</p>
    20:     </div> 
    21:       <% @gossips.each.with_index do |gossip, id| %>
    22:         <div class="card">
    23:           <div class="card-header">
    24:             <a class="btn btn-secondary" href="#">Potin n°<%=id.to_i + 1%></a>
  
app/views/pages/gossip.html.erb:21:in `_app_views_pages_gossip_html_erb___3657113558351488756_22180'
Started GET "/pages/gossip" for 127.0.0.1 at 2021-08-03 03:54:22 +0200
Processing by PagesController#gossip as HTML
  Rendering pages/gossip.html.erb within layouts/application
  Rendered pages/gossip.html.erb within layouts/application (0.7ms)
Completed 500 Internal Server Error in 11ms (ActiveRecord: 0.0ms)


  
SyntaxError (/home/hd/THP/w6/GossipProject_PV/app/views/pages/gossip.html.erb:41: syntax error, unexpected `ensure', expecting end-of-input
          ensure
          ^~~~~~
):
  
app/views/pages/gossip.html.erb:41: syntax error, unexpected `ensure', expecting end-of-input
Started GET "/pages/gossip" for 127.0.0.1 at 2021-08-03 03:55:53 +0200
Processing by PagesController#gossip as HTML
  Rendering pages/gossip.html.erb within layouts/application
  Rendered pages/gossip.html.erb within layouts/application (0.4ms)
Completed 200 OK in 187ms (Views: 185.6ms | ActiveRecord: 0.0ms)


  
ActionController::RoutingError (No route matches [GET] "/assets/bootstrap"):
  
actionpack (5.2.6) lib/action_dispatch/middleware/debug_exceptions.rb:65:in `call'
web-console (3.7.0) lib/web_console/middleware.rb:135:in `call_app'
web-console (3.7.0) lib/web_console/middleware.rb:30:in `block in call'
web-console (3.7.0) lib/web_console/middleware.rb:20:in `catch'
web-console (3.7.0) lib/web_console/middleware.rb:20:in `call'
actionpack (5.2.6) lib/action_dispatch/middleware/show_exceptions.rb:33:in `call'
railties (5.2.6) lib/rails/rack/logger.rb:38:in `call_app'
railties (5.2.6) lib/rails/rack/logger.rb:26:in `block in call'
activesupport (5.2.6) lib/active_support/tagged_logging.rb:71:in `block in tagged'
activesupport (5.2.6) lib/active_support/tagged_logging.rb:28:in `tagged'
activesupport (5.2.6) lib/active_support/tagged_logging.rb:71:in `tagged'
railties (5.2.6) lib/rails/rack/logger.rb:26:in `call'
sprockets-rails (3.2.2) lib/sprockets/rails/quiet_assets.rb:11:in `block in call'
activesupport (5.2.6) lib/active_support/logger_silence.rb:21:in `silence'
activesupport (5.2.6) lib/active_support/logger.rb:65:in `block (3 levels) in broadcast'
activesupport (5.2.6) lib/active_support/logger_silence.rb:21:in `silence'
activesupport (5.2.6) lib/active_support/logger.rb:63:in `block (2 levels) in broadcast'
sprockets-rails (3.2.2) lib/sprockets/rails/quiet_assets.rb:11:in `call'
actionpack (5.2.6) lib/action_dispatch/middleware/remote_ip.rb:81:in `call'
actionpack (5.2.6) lib/action_dispatch/middleware/request_id.rb:27:in `call'
rack (2.2.3) lib/rack/method_override.rb:24:in `call'
rack (2.2.3) lib/rack/runtime.rb:22:in `call'
activesupport (5.2.6) lib/active_support/cache/strategy/local_cache_middleware.rb:29:in `call'
actionpack (5.2.6) lib/action_dispatch/middleware/executor.rb:14:in `call'
actionpack (5.2.6) lib/action_dispatch/middleware/static.rb:127:in `call'
rack (2.2.3) lib/rack/sendfile.rb:110:in `call'
railties (5.2.6) lib/rails/engine.rb:524:in `call'
puma (3.12.6) lib/puma/configuration.rb:227:in `call'
puma (3.12.6) lib/puma/server.rb:706:in `handle_request'
puma (3.12.6) lib/puma/server.rb:476:in `process_client'
puma (3.12.6) lib/puma/server.rb:334:in `block in run'
puma (3.12.6) lib/puma/thread_pool.rb:135:in `block in spawn_thread'
Started GET "/pages/welcome" for 127.0.0.1 at 2021-08-03 03:57:11 +0200
Processing by PagesController#welcome as HTML
  Rendering pages/welcome.html.erb within layouts/application
  Rendered pages/welcome.html.erb within layouts/application (0.6ms)
Completed 200 OK in 59ms (Views: 58.1ms | ActiveRecord: 0.0ms)


  
ActionController::RoutingError (No route matches [GET] "/assets/bootstrap"):
  
actionpack (5.2.6) lib/action_dispatch/middleware/debug_exceptions.rb:65:in `call'
web-console (3.7.0) lib/web_console/middleware.rb:135:in `call_app'
web-console (3.7.0) lib/web_console/middleware.rb:30:in `block in call'
web-console (3.7.0) lib/web_console/middleware.rb:20:in `catch'
web-console (3.7.0) lib/web_console/middleware.rb:20:in `call'
actionpack (5.2.6) lib/action_dispatch/middleware/show_exceptions.rb:33:in `call'
railties (5.2.6) lib/rails/rack/logger.rb:38:in `call_app'
railties (5.2.6) lib/rails/rack/logger.rb:26:in `block in call'
activesupport (5.2.6) lib/active_support/tagged_logging.rb:71:in `block in tagged'
activesupport (5.2.6) lib/active_support/tagged_logging.rb:28:in `tagged'
activesupport (5.2.6) lib/active_support/tagged_logging.rb:71:in `tagged'
railties (5.2.6) lib/rails/rack/logger.rb:26:in `call'
sprockets-rails (3.2.2) lib/sprockets/rails/quiet_assets.rb:11:in `block in call'
activesupport (5.2.6) lib/active_support/logger_silence.rb:21:in `silence'
activesupport (5.2.6) lib/active_support/logger.rb:65:in `block (3 levels) in broadcast'
activesupport (5.2.6) lib/active_support/logger_silence.rb:21:in `silence'
activesupport (5.2.6) lib/active_support/logger.rb:63:in `block (2 levels) in broadcast'
sprockets-rails (3.2.2) lib/sprockets/rails/quiet_assets.rb:11:in `call'
actionpack (5.2.6) lib/action_dispatch/middleware/remote_ip.rb:81:in `call'
actionpack (5.2.6) lib/action_dispatch/middleware/request_id.rb:27:in `call'
rack (2.2.3) lib/rack/method_override.rb:24:in `call'
rack (2.2.3) lib/rack/runtime.rb:22:in `call'
activesupport (5.2.6) lib/active_support/cache/strategy/local_cache_middleware.rb:29:in `call'
actionpack (5.2.6) lib/action_dispatch/middleware/executor.rb:14:in `call'
actionpack (5.2.6) lib/action_dispatch/middleware/static.rb:127:in `call'
rack (2.2.3) lib/rack/sendfile.rb:110:in `call'
railties (5.2.6) lib/rails/engine.rb:524:in `call'
puma (3.12.6) lib/puma/configuration.rb:227:in `call'
puma (3.12.6) lib/puma/server.rb:706:in `handle_request'
puma (3.12.6) lib/puma/server.rb:476:in `process_client'
puma (3.12.6) lib/puma/server.rb:334:in `block in run'
puma (3.12.6) lib/puma/thread_pool.rb:135:in `block in spawn_thread'
Started GET "/pages/team" for 127.0.0.1 at 2021-08-03 03:58:57 +0200
Processing by PagesController#team as HTML
  Rendering pages/team.html.erb within layouts/application
  Rendered pages/team.html.erb within layouts/application (12.8ms)
Completed 500 Internal Server Error in 19ms (ActiveRecord: 0.0ms)


  
ActionView::Template::Error (The asset "dylan-tongue.png" is not present in the asset pipeline.
):
    12:   </div>
    13:   <div class="d-flex justify-content-around text-center alig team">
    14:     <div class="card p-2">
    15:       <%= image_tag ("dylan-tongue.png") %>
    16:       <p class="header">Dylan Bonafos</p>
    17:       <p class="p-2 text-justify text-muted">Ut lacinia pharetra elit, sed eleifend libero mattis et. Vivamus vel arcu at nibh semper lobortis. Praesent et metus velit.</p>
    18:       <a href="#" class="btn btn-light m-1"><span class="bouton">Portfolio</span></a>
  
app/views/pages/team.html.erb:15:in `_app_views_pages_team_html_erb__456075232373170097_26140'
Started GET "/pages/contact" for 127.0.0.1 at 2021-08-03 04:00:39 +0200
Processing by PagesController#contact as HTML
  Rendering pages/contact.html.erb within layouts/application
  Rendered pages/contact.html.erb within layouts/application (0.5ms)
Completed 200 OK in 43ms (Views: 42.3ms | ActiveRecord: 0.0ms)


  
ActionController::RoutingError (No route matches [GET] "/assets/bootstrap"):
  
actionpack (5.2.6) lib/action_dispatch/middleware/debug_exceptions.rb:65:in `call'
web-console (3.7.0) lib/web_console/middleware.rb:135:in `call_app'
web-console (3.7.0) lib/web_console/middleware.rb:30:in `block in call'
web-console (3.7.0) lib/web_console/middleware.rb:20:in `catch'
web-console (3.7.0) lib/web_console/middleware.rb:20:in `call'
actionpack (5.2.6) lib/action_dispatch/middleware/show_exceptions.rb:33:in `call'
railties (5.2.6) lib/rails/rack/logger.rb:38:in `call_app'
railties (5.2.6) lib/rails/rack/logger.rb:26:in `block in call'
activesupport (5.2.6) lib/active_support/tagged_logging.rb:71:in `block in tagged'
activesupport (5.2.6) lib/active_support/tagged_logging.rb:28:in `tagged'
activesupport (5.2.6) lib/active_support/tagged_logging.rb:71:in `tagged'
railties (5.2.6) lib/rails/rack/logger.rb:26:in `call'
sprockets-rails (3.2.2) lib/sprockets/rails/quiet_assets.rb:11:in `block in call'
activesupport (5.2.6) lib/active_support/logger_silence.rb:21:in `silence'
activesupport (5.2.6) lib/active_support/logger.rb:65:in `block (3 levels) in broadcast'
activesupport (5.2.6) lib/active_support/logger_silence.rb:21:in `silence'
activesupport (5.2.6) lib/active_support/logger.rb:63:in `block (2 levels) in broadcast'
sprockets-rails (3.2.2) lib/sprockets/rails/quiet_assets.rb:11:in `call'
actionpack (5.2.6) lib/action_dispatch/middleware/remote_ip.rb:81:in `call'
actionpack (5.2.6) lib/action_dispatch/middleware/request_id.rb:27:in `call'
rack (2.2.3) lib/rack/method_override.rb:24:in `call'
rack (2.2.3) lib/rack/runtime.rb:22:in `call'
activesupport (5.2.6) lib/active_support/cache/strategy/local_cache_middleware.rb:29:in `call'
actionpack (5.2.6) lib/action_dispatch/middleware/executor.rb:14:in `call'
actionpack (5.2.6) lib/action_dispatch/middleware/static.rb:127:in `call'
rack (2.2.3) lib/rack/sendfile.rb:110:in `call'
railties (5.2.6) lib/rails/engine.rb:524:in `call'
puma (3.12.6) lib/puma/configuration.rb:227:in `call'
puma (3.12.6) lib/puma/server.rb:706:in `handle_request'
puma (3.12.6) lib/puma/server.rb:476:in `process_client'
puma (3.12.6) lib/puma/server.rb:334:in `block in run'
puma (3.12.6) lib/puma/thread_pool.rb:135:in `block in spawn_thread'
Started POST "/pages/contact" for 127.0.0.1 at 2021-08-03 04:00:47 +0200
  
ActionController::RoutingError (No route matches [POST] "/pages/contact"):
  
actionpack (5.2.6) lib/action_dispatch/middleware/debug_exceptions.rb:65:in `call'
web-console (3.7.0) lib/web_console/middleware.rb:135:in `call_app'
web-console (3.7.0) lib/web_console/middleware.rb:30:in `block in call'
web-console (3.7.0) lib/web_console/middleware.rb:20:in `catch'
web-console (3.7.0) lib/web_console/middleware.rb:20:in `call'
actionpack (5.2.6) lib/action_dispatch/middleware/show_exceptions.rb:33:in `call'
railties (5.2.6) lib/rails/rack/logger.rb:38:in `call_app'
railties (5.2.6) lib/rails/rack/logger.rb:26:in `block in call'
activesupport (5.2.6) lib/active_support/tagged_logging.rb:71:in `block in tagged'
activesupport (5.2.6) lib/active_support/tagged_logging.rb:28:in `tagged'
activesupport (5.2.6) lib/active_support/tagged_logging.rb:71:in `tagged'
railties (5.2.6) lib/rails/rack/logger.rb:26:in `call'
sprockets-rails (3.2.2) lib/sprockets/rails/quiet_assets.rb:13:in `call'
actionpack (5.2.6) lib/action_dispatch/middleware/remote_ip.rb:81:in `call'
actionpack (5.2.6) lib/action_dispatch/middleware/request_id.rb:27:in `call'
rack (2.2.3) lib/rack/method_override.rb:24:in `call'
rack (2.2.3) lib/rack/runtime.rb:22:in `call'
activesupport (5.2.6) lib/active_support/cache/strategy/local_cache_middleware.rb:29:in `call'
actionpack (5.2.6) lib/action_dispatch/middleware/executor.rb:14:in `call'
actionpack (5.2.6) lib/action_dispatch/middleware/static.rb:127:in `call'
rack (2.2.3) lib/rack/sendfile.rb:110:in `call'
railties (5.2.6) lib/rails/engine.rb:524:in `call'
puma (3.12.6) lib/puma/configuration.rb:227:in `call'
puma (3.12.6) lib/puma/server.rb:706:in `handle_request'
puma (3.12.6) lib/puma/server.rb:476:in `process_client'
puma (3.12.6) lib/puma/server.rb:334:in `block in run'
puma (3.12.6) lib/puma/thread_pool.rb:135:in `block in spawn_thread'
  [1m[35m (0.2ms)[0m  [1m[34mSELECT sqlite_version(*)[0m
  ↳ bin/rails:9
  [1m[35m (22.7ms)[0m  [1m[35mCREATE TABLE "schema_migrations" ("version" varchar NOT NULL PRIMARY KEY)[0m
  ↳ bin/rails:9
  [1m[35m (14.8ms)[0m  [1m[35mCREATE TABLE "ar_internal_metadata" ("key" varchar NOT NULL PRIMARY KEY, "value" varchar, "created_at" datetime NOT NULL, "updated_at" datetime NOT NULL)[0m
  ↳ bin/rails:9
  [1m[36mActiveRecord::InternalMetadata Load (0.2ms)[0m  [1m[34mSELECT  "ar_internal_metadata".* FROM "ar_internal_metadata" WHERE "ar_internal_metadata"."key" = ? LIMIT ?[0m  [["key", "environment"], ["LIMIT", 1]]
  ↳ bin/rails:9
  [1m[35m (0.0ms)[0m  [1m[36mbegin transaction[0m
  ↳ bin/rails:9
  [1m[36mActiveRecord::InternalMetadata Create (5.4ms)[0m  [1m[32mINSERT INTO "ar_internal_metadata" ("key", "value", "created_at", "updated_at") VALUES (?, ?, ?, ?)[0m  [["key", "environment"], ["value", "development"], ["created_at", "2021-08-03 02:22:17.129986"], ["updated_at", "2021-08-03 02:22:17.129986"]]
  ↳ bin/rails:9
  [1m[35m (13.3ms)[0m  [1m[36mcommit transaction[0m
  ↳ bin/rails:9
  [1m[35m (0.7ms)[0m  [1m[34mSELECT "schema_migrations"."version" FROM "schema_migrations" ORDER BY "schema_migrations"."version" ASC[0m
  ↳ bin/rails:9
  [1m[36mActiveRecord::InternalMetadata Load (0.2ms)[0m  [1m[34mSELECT  "ar_internal_metadata".* FROM "ar_internal_metadata" WHERE "ar_internal_metadata"."key" = ? LIMIT ?[0m  [["key", "environment"], ["LIMIT", 1]]
  ↳ bin/rails:9
  [1m[35m (0.1ms)[0m  [1m[36mbegin transaction[0m
  ↳ bin/rails:9
  [1m[35m (0.0ms)[0m  [1m[36mcommit transaction[0m
  ↳ bin/rails:9
  [1m[35m (0.1ms)[0m  [1m[34mSELECT "schema_migrations"."version" FROM "schema_migrations" ORDER BY "schema_migrations"."version" ASC[0m
  ↳ bin/rails:9
Started GET "/pages/welcome" for 127.0.0.1 at 2021-08-03 04:30:20 +0200
Processing by PagesController#welcome as HTML
  Rendering pages/welcome.html.erb within layouts/application
  Rendered pages/welcome.html.erb within layouts/application (0.6ms)
Completed 200 OK in 73ms (Views: 72.1ms | ActiveRecord: 0.0ms)


  
ActionController::RoutingError (No route matches [GET] "/assets/bootstrap"):
  
actionpack (5.2.6) lib/action_dispatch/middleware/debug_exceptions.rb:65:in `call'
web-console (3.7.0) lib/web_console/middleware.rb:135:in `call_app'
web-console (3.7.0) lib/web_console/middleware.rb:30:in `block in call'
web-console (3.7.0) lib/web_console/middleware.rb:20:in `catch'
web-console (3.7.0) lib/web_console/middleware.rb:20:in `call'
actionpack (5.2.6) lib/action_dispatch/middleware/show_exceptions.rb:33:in `call'
railties (5.2.6) lib/rails/rack/logger.rb:38:in `call_app'
railties (5.2.6) lib/rails/rack/logger.rb:26:in `block in call'
activesupport (5.2.6) lib/active_support/tagged_logging.rb:71:in `block in tagged'
activesupport (5.2.6) lib/active_support/tagged_logging.rb:28:in `tagged'
activesupport (5.2.6) lib/active_support/tagged_logging.rb:71:in `tagged'
railties (5.2.6) lib/rails/rack/logger.rb:26:in `call'
sprockets-rails (3.2.2) lib/sprockets/rails/quiet_assets.rb:11:in `block in call'
activesupport (5.2.6) lib/active_support/logger_silence.rb:21:in `silence'
activesupport (5.2.6) lib/active_support/logger.rb:65:in `block (3 levels) in broadcast'
activesupport (5.2.6) lib/active_support/logger_silence.rb:21:in `silence'
activesupport (5.2.6) lib/active_support/logger.rb:63:in `block (2 levels) in broadcast'
sprockets-rails (3.2.2) lib/sprockets/rails/quiet_assets.rb:11:in `call'
actionpack (5.2.6) lib/action_dispatch/middleware/remote_ip.rb:81:in `call'
actionpack (5.2.6) lib/action_dispatch/middleware/request_id.rb:27:in `call'
rack (2.2.3) lib/rack/method_override.rb:24:in `call'
rack (2.2.3) lib/rack/runtime.rb:22:in `call'
activesupport (5.2.6) lib/active_support/cache/strategy/local_cache_middleware.rb:29:in `call'
actionpack (5.2.6) lib/action_dispatch/middleware/executor.rb:14:in `call'
actionpack (5.2.6) lib/action_dispatch/middleware/static.rb:127:in `call'
rack (2.2.3) lib/rack/sendfile.rb:110:in `call'
railties (5.2.6) lib/rails/engine.rb:524:in `call'
puma (3.12.6) lib/puma/configuration.rb:227:in `call'
puma (3.12.6) lib/puma/server.rb:706:in `handle_request'
puma (3.12.6) lib/puma/server.rb:476:in `process_client'
puma (3.12.6) lib/puma/server.rb:334:in `block in run'
puma (3.12.6) lib/puma/thread_pool.rb:135:in `block in spawn_thread'
Started GET "/pages/team" for 127.0.0.1 at 2021-08-03 04:30:31 +0200
Processing by PagesController#team as HTML
  Rendering pages/team.html.erb within layouts/application
  Rendered pages/team.html.erb within layouts/application (1.5ms)
Completed 500 Internal Server Error in 3ms (ActiveRecord: 0.0ms)


  
ActionView::Template::Error (The asset "dylan-tongue.png" is not present in the asset pipeline.
):
    12:   </div>
    13:   <div class="d-flex justify-content-around text-center alig team">
    14:     <div class="card p-2">
    15:       <%= image_tag ("dylan-tongue.png") %>
    16:       <p class="header">Dylan Bonafos</p>
    17:       <p class="p-2 text-justify text-muted">Ut lacinia pharetra elit, sed eleifend libero mattis et. Vivamus vel arcu at nibh semper lobortis. Praesent et metus velit.</p>
    18:       <a href="#" class="btn btn-light m-1"><span class="bouton">Portfolio</span></a>
  
app/views/pages/team.html.erb:15:in `_app_views_pages_team_html_erb__456075232373170097_29980'
Started GET "/pages/gossip" for 127.0.0.1 at 2021-08-03 04:30:41 +0200
Processing by PagesController#gossip as HTML
  Rendering pages/gossip.html.erb within layouts/application
  [1m[36mGossip Load (0.6ms)[0m  [1m[34mSELECT "gossips".* FROM "gossips"[0m
  ↳ app/views/pages/gossip.html.erb:21
  Rendered pages/gossip.html.erb within layouts/application (6.4ms)
Completed 500 Internal Server Error in 92ms (ActiveRecord: 0.6ms)


  
ActionView::Template::Error (SQLite3::SQLException: no such table: gossips: SELECT "gossips".* FROM "gossips"):
    18:     <div class="d-flex justify-content-center">
    19:       <p class="lead" style="margin-top: 70px">Voici les potins de notre base de données :</p>
    20:     </div> 
    21:       <% @gossips.each.with_index do |gossip, id| %>
    22:         <div class="card">
    23:           <div class="card-header">
    24:             <a class="btn btn-secondary" href="#">Potin n°<%=id.to_i + 1%></a>
  
app/views/pages/gossip.html.erb:21:in `_app_views_pages_gossip_html_erb___3657113558351488756_30620'
